{"/home/kyj29/devl/self/rogue-trader-companion-app/src/main/javascript/character/Character.tsx": {"path":"/home/kyj29/devl/self/rogue-trader-companion-app/src/main/javascript/character/Character.tsx","statementMap":{"0":{"start":{"line":2,"column":0},"end":{"line":2,"column":49}},"1":{"start":{"line":3,"column":0},"end":{"line":3,"column":null}},"2":{"start":{"line":6,"column":0},"end":{"line":6,"column":66}},"3":{"start":{"line":7,"column":0},"end":{"line":7,"column":67}},"4":{"start":{"line":8,"column":0},"end":{"line":8,"column":59}},"5":{"start":{"line":10,"column":22},"end":{"line":31,"column":1}},"6":{"start":{"line":11,"column":22},"end":{"line":11,"column":74}},"7":{"start":{"line":13,"column":4},"end":{"line":30,"column":6}},"8":{"start":{"line":20,"column":24},"end":{"line":21,"column":null}},"9":{"start":{"line":39,"column":0},"end":{"line":39,"column":25}}},"fnMap":{"0":{"name":"(anonymous_0)","decl":{"start":{"line":10,"column":22},"end":{"line":10,"column":null}},"loc":{"start":{"line":10,"column":22},"end":{"line":31,"column":1}}},"1":{"name":"(anonymous_1)","decl":{"start":{"line":19,"column":20},"end":{"line":19,"column":21}},"loc":{"start":{"line":20,"column":24},"end":{"line":21,"column":null}}}},"branchMap":{},"s":{"0":1,"1":1,"2":1,"3":1,"4":1,"5":1,"6":5,"7":5,"8":5,"9":1},"f":{"0":5,"1":5},"b":{}}
,"/home/kyj29/devl/self/rogue-trader-companion-app/src/main/javascript/characterList/CharacterList.tsx": {"path":"/home/kyj29/devl/self/rogue-trader-companion-app/src/main/javascript/characterList/CharacterList.tsx","statementMap":{"0":{"start":{"line":1,"column":0},"end":{"line":1,"column":55}},"1":{"start":{"line":5,"column":26},"end":{"line":19,"column":1}},"2":{"start":{"line":6,"column":17},"end":{"line":6,"column":73}},"3":{"start":{"line":7,"column":23},"end":{"line":7,"column":49}},"4":{"start":{"line":9,"column":4},"end":{"line":18,"column":6}},"5":{"start":{"line":13,"column":16},"end":{"line":13,"column":34}},"6":{"start":{"line":23,"column":0},"end":{"line":23,"column":29}}},"fnMap":{"0":{"name":"(anonymous_0)","decl":{"start":{"line":5,"column":26},"end":{"line":5,"column":null}},"loc":{"start":{"line":5,"column":26},"end":{"line":19,"column":1}}},"1":{"name":"(anonymous_1)","decl":{"start":{"line":12,"column":28},"end":{"line":12,"column":29}},"loc":{"start":{"line":13,"column":16},"end":{"line":13,"column":34}}}},"branchMap":{"0":{"loc":{"start":{"line":7,"column":38},"end":{"line":7,"column":48}},"type":"binary-expr","locations":[{"start":{"line":7,"column":38},"end":{"line":7,"column":42}},{"start":{"line":7,"column":46},"end":{"line":7,"column":48}}]}},"s":{"0":1,"1":1,"2":2,"3":2,"4":2,"5":1,"6":1},"f":{"0":2,"1":1},"b":{"0":[2,0]}}
,"/home/kyj29/devl/self/rogue-trader-companion-app/src/main/javascript/characteristic/Characteristic.tsx": {"path":"/home/kyj29/devl/self/rogue-trader-companion-app/src/main/javascript/characteristic/Characteristic.tsx","statementMap":{"0":{"start":{"line":1,"column":0},"end":{"line":1,"column":65}},"1":{"start":{"line":2,"column":0},"end":{"line":2,"column":43}},"2":{"start":{"line":8,"column":5},"end":{"line":21,"column":1}},"3":{"start":{"line":9,"column":18},"end":{"line":9,"column":63}},"4":{"start":{"line":11,"column":4},"end":{"line":20,"column":6}},"5":{"start":{"line":28,"column":0},"end":{"line":28,"column":30}}},"fnMap":{"0":{"name":"(anonymous_0)","decl":{"start":{"line":8,"column":5},"end":{"line":8,"column":15}},"loc":{"start":{"line":8,"column":39},"end":{"line":21,"column":1}}}},"branchMap":{"0":{"loc":{"start":{"line":9,"column":30},"end":{"line":9,"column":56}},"type":"binary-expr","locations":[{"start":{"line":9,"column":30},"end":{"line":9,"column":51}},{"start":{"line":9,"column":55},"end":{"line":9,"column":56}}]},"1":{"loc":{"start":{"line":16,"column":21},"end":{"line":16,"column":47}},"type":"binary-expr","locations":[{"start":{"line":16,"column":21},"end":{"line":16,"column":42}},{"start":{"line":16,"column":46},"end":{"line":16,"column":47}}]}},"s":{"0":2,"1":2,"2":2,"3":2,"4":2,"5":2},"f":{"0":2},"b":{"0":[2,1],"1":[2,1]}}
,"/home/kyj29/devl/self/rogue-trader-companion-app/src/main/javascript/home/Home.tsx": {"path":"/home/kyj29/devl/self/rogue-trader-companion-app/src/main/javascript/home/Home.tsx","statementMap":{"0":{"start":{"line":2,"column":4},"end":{"line":6,"column":6}},"1":{"start":{"line":1,"column":0},"end":{"line":1,"column":24}}},"fnMap":{"0":{"name":"Home","decl":{"start":{"line":1,"column":24},"end":{"line":1,"column":28}},"loc":{"start":{"line":1,"column":28},"end":{"line":7,"column":1}}}},"branchMap":{},"s":{"0":1,"1":1},"f":{"0":1},"b":{}}
,"/home/kyj29/devl/self/rogue-trader-companion-app/src/main/javascript/origin/Origin.tsx": {"path":"/home/kyj29/devl/self/rogue-trader-companion-app/src/main/javascript/origin/Origin.tsx","statementMap":{"0":{"start":{"line":2,"column":0},"end":{"line":2,"column":43}},"1":{"start":{"line":3,"column":0},"end":{"line":3,"column":46}},"2":{"start":{"line":4,"column":0},"end":{"line":4,"column":69}},"3":{"start":{"line":6,"column":45},"end":{"line":23,"column":1}},"4":{"start":{"line":7,"column":4},"end":{"line":9,"column":null}},"5":{"start":{"line":8,"column":8},"end":{"line":8,"column":30}},"6":{"start":{"line":10,"column":4},"end":{"line":22,"column":6}},"7":{"start":{"line":15,"column":20},"end":{"line":15,"column":37}},"8":{"start":{"line":27,"column":0},"end":{"line":27,"column":22}}},"fnMap":{"0":{"name":"(anonymous_0)","decl":{"start":{"line":6,"column":45},"end":{"line":6,"column":46}},"loc":{"start":{"line":6,"column":60},"end":{"line":23,"column":1}}},"1":{"name":"(anonymous_1)","decl":{"start":{"line":14,"column":54},"end":{"line":14,"column":55}},"loc":{"start":{"line":15,"column":20},"end":{"line":15,"column":37}}}},"branchMap":{"0":{"loc":{"start":{"line":7,"column":4},"end":{"line":9,"column":null}},"type":"if","locations":[{"start":{"line":7,"column":4},"end":{"line":9,"column":null}}]}},"s":{"0":2,"1":2,"2":2,"3":2,"4":2,"5":0,"6":2,"7":2,"8":2},"f":{"0":2,"1":2},"b":{"0":[0]}}
}
