TN:
SF:src/main/javascript/character/Character.tsx
FN:10,(anonymous_0)
FN:19,(anonymous_1)
FNF:2
FNH:2
FNDA:5,(anonymous_0)
FNDA:5,(anonymous_1)
DA:2,1
DA:3,1
DA:6,1
DA:7,1
DA:8,1
DA:10,1
DA:11,5
DA:13,5
DA:20,5
DA:39,1
LF:10
LH:10
BRF:0
BRH:0
end_of_record
TN:
SF:src/main/javascript/characterList/CharacterList.tsx
FN:5,(anonymous_0)
FN:12,(anonymous_1)
FNF:2
FNH:2
FNDA:2,(anonymous_0)
FNDA:1,(anonymous_1)
DA:1,1
DA:5,1
DA:6,2
DA:7,2
DA:9,2
DA:13,1
DA:23,1
LF:7
LH:7
BRDA:7,0,0,2
BRDA:7,0,1,0
BRF:2
BRH:1
end_of_record
TN:
SF:src/main/javascript/characteristic/Characteristic.tsx
FN:8,(anonymous_0)
FNF:1
FNH:1
FNDA:2,(anonymous_0)
DA:1,2
DA:2,2
DA:8,2
DA:9,2
DA:11,2
DA:28,2
LF:6
LH:6
BRDA:9,0,0,2
BRDA:9,0,1,1
BRDA:16,1,0,2
BRDA:16,1,1,1
BRF:4
BRH:4
end_of_record
TN:
SF:src/main/javascript/home/Home.tsx
FN:1,Home
FNF:1
FNH:1
FNDA:1,Home
DA:1,1
DA:2,1
LF:2
LH:2
BRF:0
BRH:0
end_of_record
TN:
SF:src/main/javascript/origin/Origin.tsx
FN:6,(anonymous_0)
FN:14,(anonymous_1)
FNF:2
FNH:2
FNDA:2,(anonymous_0)
FNDA:2,(anonymous_1)
DA:2,2
DA:3,2
DA:4,2
DA:6,2
DA:7,2
DA:8,0
DA:10,2
DA:15,2
DA:27,2
LF:9
LH:8
BRDA:7,0,0,0
BRF:1
BRH:0
end_of_record
